<?xml version="1.0" encoding="UTF-8"?>
<testsuite xmlns:xsi="http://www.w3.org/2001/XMLSchema-instance" xsi:noNamespaceSchemaLocation="https://maven.apache.org/surefire/maven-surefire-plugin/xsd/surefire-test-report-3.0.xsd" version="3.0" name="com.ensa.soap.SoapApplicationTests" time="15.06" tests="1" errors="0" skipped="0" failures="0">
  <properties>
[...]
</properties>
  <testcase name="contextLoads" classname="com.ensa.soap.SoapApplicationTests" time="1.074">
    <system-out><![CDATA[17:27:39.397 [main] INFO org.springframework.test.context.support.AnnotationConfigContextLoaderUtils -- Could not detect default configuration classes for test class [com.ensa.soap.SoapApplicationTests]: SoapApplicationTests does not declare any static, non-private, non-final, nested classes annotated with @Configuration.
17:27:39.626 [main] INFO org.springframework.boot.test.context.SpringBootTestContextBootstrapper -- Found @SpringBootConfiguration com.ensa.soap.SoapApplication for test class com.ensa.soap.SoapApplicationTests

  .   ____          _            __ _ _
 /\\ / ___'_ __ _ _(_)_ __  __ _ \ \ \ \
( ( )\___ | '_ | '_| | '_ \/ _` | \ \ \ \
 \\/  ___)| |_)| | | | | || (_| |  ) ) ) )
  '  |____| .__|_| |_|_| |_\__, | / / / /
 =========|_|==============|___/=/_/_/_/
 :: Spring Boot ::                (v3.1.5)

2024-11-18T17:27:40.795+01:00  INFO 24508 --- [           main] com.ensa.soap.SoapApplicationTests       : Starting SoapApplicationTests using Java 22.0.1 with PID 24508 (started by LENOVO in C:\Users\LENOVO\Desktop\eclipse-workspace\soap)
2024-11-18T17:27:40.797+01:00  INFO 24508 --- [           main] com.ensa.soap.SoapApplicationTests       : No active profile set, falling back to 1 default profile: "default"
2024-11-18T17:27:42.893+01:00  INFO 24508 --- [           main] .s.d.r.c.RepositoryConfigurationDelegate : Bootstrapping Spring Data JPA repositories in DEFAULT mode.
2024-11-18T17:27:43.036+01:00  INFO 24508 --- [           main] .s.d.r.c.RepositoryConfigurationDelegate : Finished Spring Data repository scanning in 123 ms. Found 1 JPA repository interfaces.
2024-11-18T17:27:44.216+01:00  INFO 24508 --- [           main] o.hibernate.jpa.internal.util.LogHelper  : HHH000204: Processing PersistenceUnitInfo [name: default]
2024-11-18T17:27:44.408+01:00  INFO 24508 --- [           main] org.hibernate.Version                    : HHH000412: Hibernate ORM core version 6.2.13.Final
2024-11-18T17:27:44.413+01:00  INFO 24508 --- [           main] org.hibernate.cfg.Environment            : HHH000406: Using bytecode reflection optimizer
2024-11-18T17:27:45.119+01:00  INFO 24508 --- [           main] o.s.o.j.p.SpringPersistenceUnitInfo      : No LoadTimeWeaver setup: ignoring JPA class transformer
2024-11-18T17:27:45.179+01:00  INFO 24508 --- [           main] com.zaxxer.hikari.HikariDataSource       : HikariPool-1 - Starting...
2024-11-18T17:27:45.606+01:00  INFO 24508 --- [           main] com.zaxxer.hikari.pool.HikariPool        : HikariPool-1 - Added connection conn0: url=jdbc:h2:mem:testdb user=SA
2024-11-18T17:27:45.611+01:00  INFO 24508 --- [           main] com.zaxxer.hikari.HikariDataSource       : HikariPool-1 - Start completed.
2024-11-18T17:27:45.687+01:00  WARN 24508 --- [           main] org.hibernate.orm.deprecation            : HHH90000025: H2Dialect does not need to be specified explicitly using 'hibernate.dialect' (remove the property setting and it will be selected by default)
2024-11-18T17:27:47.701+01:00  INFO 24508 --- [           main] o.h.e.t.j.p.i.JtaPlatformInitiator       : HHH000489: No JTA platform available (set 'hibernate.transaction.jta.platform' to enable JTA platform integration)
2024-11-18T17:27:47.825+01:00  INFO 24508 --- [           main] j.LocalContainerEntityManagerFactoryBean : Initialized JPA EntityManagerFactory for persistence unit 'default'
2024-11-18T17:27:48.658+01:00  INFO 24508 --- [           main] o.a.c.w.s.f.ReflectionServiceFactoryBean : Creating Service {http://ws.soap.ensa.com/}BanqueWS from class com.ensa.soap.ws.CompteSoapService
2024-11-18T17:27:49.543+01:00  INFO 24508 --- [           main] org.apache.cxf.endpoint.ServerImpl       : Setting the server's publish address to be /ws
2024-11-18T17:27:50.049+01:00  WARN 24508 --- [           main] JpaBaseConfiguration$JpaWebConfiguration : spring.jpa.open-in-view is enabled by default. Therefore, database queries may be performed during view rendering. Explicitly configure spring.jpa.open-in-view to disable this warning
2024-11-18T17:27:52.490+01:00  INFO 24508 --- [           main] o.s.b.a.h2.H2ConsoleAutoConfiguration    : H2 console available at '/h2-console'. Database available at 'jdbc:h2:mem:testdb'
2024-11-18T17:27:52.582+01:00  INFO 24508 --- [           main] com.ensa.soap.SoapApplicationTests       : Started SoapApplicationTests in 12.591 seconds (process running for 14.884)
Liste des comptes :
Compte(id=1, solde=1011.2742635435606, dateCreation=2024-11-18, type=EPARGNE)
Compte(id=2, solde=8226.259538377408, dateCreation=2024-11-18, type=COURANT)
Compte(id=3, solde=5139.858790943161, dateCreation=2024-11-18, type=EPARGNE)
]]></system-out>
    <system-err><![CDATA[WARNING: A Java agent has been loaded dynamically (C:\Users\LENOVO\.m2\repository\net\bytebuddy\byte-buddy-agent\1.14.9\byte-buddy-agent-1.14.9.jar)
WARNING: If a serviceability tool is in use, please run with -XX:+EnableDynamicAgentLoading to hide this warning
WARNING: If a serviceability tool is not in use, please run with -Djdk.instrument.traceUsage for more information
WARNING: Dynamic loading of agents will be disallowed by default in a future release
]]></system-err>
  </testcase>
</testsuite>